app/build/intermediates/manifest_merge_blame_file/debug/manifest-merger-blame-debug-report.txt
1<?xml version="1.0" encoding="utf-8"?>
2<manifest xmlns:android="http://schemas.android.com/apk/res/android"
3    package="com.azarnush.ptmalborz"
4    android:versionCode="1"
5    android:versionName="1.0" >
6
7    <uses-sdk
8        android:minSdkVersion="14"
8-->src\main\AndroidManifest.xml
9        android:targetSdkVersion="29" />
9-->src\main\AndroidManifest.xml
10
11    <uses-permission android:name="android.permission.INTERNET" />
11-->src\main\AndroidManifest.xml:6:5-67
11-->src\main\AndroidManifest.xml:6:22-64
12    <uses-permission android:name="android.permission.ACCESS_NETWORK_STATE" />
12-->src\main\AndroidManifest.xml:7:5-79
12-->src\main\AndroidManifest.xml:7:22-76
13
14    <application
14-->src\main\AndroidManifest.xml:9:5-63:19
15        android:name="com.azarnush.ptmalborz.App.AppController"
15-->src\main\AndroidManifest.xml:10:9-42
16        android:allowBackup="true"
16-->src\main\AndroidManifest.xml:11:9-35
17        android:appComponentFactory="androidx.core.app.CoreComponentFactory"
17-->[androidx.core:core:1.1.0] AndroidManifest.xml:24:18-86
18        android:debuggable="true"
19        android:icon="@drawable/logo"
19-->src\main\AndroidManifest.xml:12:9-38
20        android:label="@string/app_name"
20-->[com.ornach.richtext:richtext:1.0] AndroidManifest.xml:12:9-41
21        android:roundIcon="@mipmap/ic_launcher_round"
21-->src\main\AndroidManifest.xml:13:9-54
22        android:supportsRtl="true"
22-->src\main\AndroidManifest.xml:14:9-35
23        android:testOnly="true"
24        android:theme="@style/AppTheme"
24-->src\main\AndroidManifest.xml:15:9-40
25        android:usesCleartextTraffic="true" >
25-->src\main\AndroidManifest.xml:16:9-44
26        <activity android:name="com.azarnush.ptmalborz.WebLogFragment" />
26-->src\main\AndroidManifest.xml:17:9-61
26-->src\main\AndroidManifest.xml:17:19-49
27        <activity android:name="com.azarnush.ptmalborz.Rules_webeskanActivity" />
27-->src\main\AndroidManifest.xml:18:9-60
27-->src\main\AndroidManifest.xml:18:19-57
28        <activity android:name="com.azarnush.ptmalborz.VotesActivity" />
28-->src\main\AndroidManifest.xml:19:9-51
28-->src\main\AndroidManifest.xml:19:19-48
29        <activity android:name="com.azarnush.ptmalborz.Question_and_answerActivity" />
29-->src\main\AndroidManifest.xml:20:9-65
29-->src\main\AndroidManifest.xml:20:19-62
30        <activity android:name="com.azarnush.ptmalborz.RegulationsFragment" />
30-->src\main\AndroidManifest.xml:22:9-57
30-->src\main\AndroidManifest.xml:22:19-54
31        <activity android:name="com.azarnush.ptmalborz.LawContent1Fragment" />
31-->src\main\AndroidManifest.xml:23:9-57
31-->src\main\AndroidManifest.xml:23:19-54
32        <activity android:name="com.azarnush.ptmalborz.Law_of_PossessionFragment" />
32-->src\main\AndroidManifest.xml:24:9-63
32-->src\main\AndroidManifest.xml:24:19-60
33        <activity
33-->src\main\AndroidManifest.xml:25:9-35:20
34            android:name="com.azarnush.ptmalborz.SplashActivity"
34-->src\main\AndroidManifest.xml:26:13-43
35            android:noHistory="true"
35-->src\main\AndroidManifest.xml:27:13-37
36            android:screenOrientation="portrait"
36-->src\main\AndroidManifest.xml:28:13-49
37            android:theme="@style/AppTheme.NoActionBar" >
37-->src\main\AndroidManifest.xml:29:13-56
38            <intent-filter>
38-->src\main\AndroidManifest.xml:30:13-34:29
39                <action android:name="android.intent.action.MAIN" />
39-->src\main\AndroidManifest.xml:31:17-69
39-->src\main\AndroidManifest.xml:31:25-66
40
41                <category android:name="android.intent.category.LAUNCHER" />
41-->src\main\AndroidManifest.xml:33:17-77
41-->src\main\AndroidManifest.xml:33:27-74
42            </intent-filter>
43        </activity>
44        <activity
44-->src\main\AndroidManifest.xml:36:9-39:52
45            android:name="com.azarnush.ptmalborz.LawInfoFragment"
45-->src\main\AndroidManifest.xml:37:13-44
46            android:label="لیست مطالب "
46-->src\main\AndroidManifest.xml:38:13-40
47            android:screenOrientation="portrait" />
47-->src\main\AndroidManifest.xml:39:13-49
48        <activity
48-->src\main\AndroidManifest.xml:40:9-43:59
49            android:name="com.azarnush.ptmalborz.HomeActivity"
49-->src\main\AndroidManifest.xml:41:13-41
50            android:screenOrientation="portrait"
50-->src\main\AndroidManifest.xml:42:13-49
51            android:theme="@style/AppTheme.NoActionBar" />
51-->src\main\AndroidManifest.xml:43:13-56
52        <activity
52-->src\main\AndroidManifest.xml:44:9-46:52
53            android:name="com.azarnush.ptmalborz.User_registrationActivity"
53-->src\main\AndroidManifest.xml:45:13-54
54            android:screenOrientation="portrait" />
54-->src\main\AndroidManifest.xml:46:13-49
55        <activity
55-->src\main\AndroidManifest.xml:47:9-50:52
56            android:name="com.azarnush.ptmalborz.MainActivity"
56-->src\main\AndroidManifest.xml:48:13-41
57            android:noHistory="true"
57-->src\main\AndroidManifest.xml:49:13-37
58            android:screenOrientation="portrait" />
58-->src\main\AndroidManifest.xml:50:13-49
59        <activity
59-->src\main\AndroidManifest.xml:51:9-54:52
60            android:name="com.azarnush.ptmalborz.Logonـtypeـselection"
60-->src\main\AndroidManifest.xml:52:13-49
61            android:noHistory="true"
61-->src\main\AndroidManifest.xml:53:13-37
62            android:screenOrientation="portrait" />
62-->src\main\AndroidManifest.xml:54:13-49
63        <activity
63-->src\main\AndroidManifest.xml:55:9-58:52
64            android:name="com.azarnush.ptmalborz.Get_number"
64-->src\main\AndroidManifest.xml:56:13-39
65            android:noHistory="true"
65-->src\main\AndroidManifest.xml:57:13-37
66            android:screenOrientation="portrait" />
66-->src\main\AndroidManifest.xml:58:13-49
67        <activity
67-->src\main\AndroidManifest.xml:59:9-62:52
68            android:name="com.azarnush.ptmalborz.Login_with_number"
68-->src\main\AndroidManifest.xml:60:13-46
69            android:noHistory="true"
69-->src\main\AndroidManifest.xml:61:13-37
70            android:screenOrientation="portrait" />
70-->src\main\AndroidManifest.xml:62:13-49
71
72        <provider
72-->[androidx.lifecycle:lifecycle-process:2.1.0] AndroidManifest.xml:23:9-27:43
73            android:name="androidx.lifecycle.ProcessLifecycleOwnerInitializer"
73-->[androidx.lifecycle:lifecycle-process:2.1.0] AndroidManifest.xml:24:13-79
74            android:authorities="com.azarnush.ptmalborz.lifecycle-process"
74-->[androidx.lifecycle:lifecycle-process:2.1.0] AndroidManifest.xml:25:13-69
75            android:exported="false"
75-->[androidx.lifecycle:lifecycle-process:2.1.0] AndroidManifest.xml:26:13-37
76            android:multiprocess="true" />
76-->[androidx.lifecycle:lifecycle-process:2.1.0] AndroidManifest.xml:27:13-40
77    </application>
78
79</manifest>